\BOOKMARK [1][-]{section.1}{Introdu\347\343o}{}
\BOOKMARK [1][-]{section.2}{Localize-se!}{}
\BOOKMARK [1][-]{section.3}{Acesso \340 Internet}{}
\BOOKMARK [2][-]{subsection.3.1}{Laborat\363rios do DAINF}{section.3}
\BOOKMARK [2][-]{subsection.3.2}{Wi-fi}{section.3}
\BOOKMARK [1][-]{section.4}{Fazendo o Crach\341}{}
\BOOKMARK [1][-]{section.5}{Biblioteca}{}
\BOOKMARK [1][-]{section.6}{Portal do Aluno}{}
\BOOKMARK [2][-]{subsection.6.1}{Coeficiente de Rendimento \(CR\)}{section.6}
\BOOKMARK [2][-]{subsection.6.2}{Matr\355cula}{section.6}
\BOOKMARK [1][-]{section.7}{Oportunidades}{}
\BOOKMARK [2][-]{subsection.7.1}{Inicia\347\343o Cient\355fica - IC}{section.7}
\BOOKMARK [2][-]{subsection.7.2}{Programa de Educa\347\343o Tutorial - PET}{section.7}
\BOOKMARK [2][-]{subsection.7.3}{Maratona de Programa\347\343o}{section.7}
\BOOKMARK [2][-]{subsection.7.4}{Monitoria}{section.7}
\BOOKMARK [2][-]{subsection.7.5}{Projetos de extens\343o}{section.7}
\BOOKMARK [2][-]{subsection.7.6}{CALEM}{section.7}
\BOOKMARK [2][-]{subsection.7.7}{Academia}{section.7}
\BOOKMARK [1][-]{section.8}{Informa\347\365es Sobre Meu Curso}{}
\BOOKMARK [1][-]{section.9}{Programas Assistenciais}{}
\BOOKMARK [1][-]{section.10}{The End}{}
\BOOKMARK [1][-]{appendix.A}{Tutorial de matr\355cula}{}
\BOOKMARK [2][-]{subsection.A.1}{Requerimento}{appendix.A}
\BOOKMARK [2][-]{subsection.A.2}{Confirma\347\343o e Ajuste}{appendix.A}
\BOOKMARK [2][-]{subsection.A.3}{Inclus\343o}{appendix.A}
